2022-11-27 00:22:46 - DEBUG   :: ('CP Server Thread-8',) : Tautulli APIv2 :: API called with kwargs: {'apikey': 'MY-SUPER-SECRET-API-KEY', 'cmd': 'get_activity'}
2022-11-27 00:22:46 - DEBUG   :: ('CP Server Thread-8',) : Tautulli APIv2 :: Invalid apikey.
2022-11-27 00:22:46 - DEBUG   :: ('CP Server Thread-8',) : Tautulli APIv2 :: Cleaned kwargs: None
2022-11-27 00:27:35 - DEBUG   :: ('CP Server Thread-21',) : Tautulli APIv2 :: API called with kwargs: {'apikey': '****************', 'cmd': 'get_activity'}
2022-11-27 00:27:35 - DEBUG   :: ('CP Server Thread-21',) : Tautulli APIv2 :: Cleaned kwargs: {}
2022-11-27 00:27:49 - DEBUG   :: ('CP Server Thread-21',) : Tautulli APIv2 :: API called with kwargs: {'apikey': '****************', 'cmd': 'get_activity'}
2022-11-27 00:27:49 - DEBUG   :: ('CP Server Thread-21',) : Tautulli APIv2 :: Cleaned kwargs: {}
2022-11-27 00:28:18 - DEBUG   :: ('CP Server Thread-14',) : Tautulli APIv2 :: API called with kwargs: {'apikey': '****************', 'cmd': 'get_activity'}
2022-11-27 00:28:18 - DEBUG   :: ('CP Server Thread-14',) : Tautulli APIv2 :: Cleaned kwargs: {}
2022-11-27 00:30:53 - DEBUG   :: ('CP Server Thread-19',) : Tautulli APIv2 :: API called with kwargs: {'apikey': '****************', 'cmd': 'get_activity'}
2022-11-27 00:30:53 - DEBUG   :: ('CP Server Thread-19',) : Tautulli APIv2 :: Cleaned kwargs: {}
2022-11-27 00:32:55 - DEBUG   :: ('CP Server Thread-18',) : Tautulli APIv2 :: API called with kwargs: {'apikey': '****************', 'cmd': 'get_activity'}
2022-11-27 00:32:55 - DEBUG   :: ('CP Server Thread-18',) : Tautulli APIv2 :: Cleaned kwargs: {}
2022-11-27 00:32:55 - DEBUG   :: ('CP Server Thread-24',) : Tautulli APIv2 :: API called with kwargs: {'apikey': '****************', 'cmd': 'get_activity'}
2022-11-27 00:32:55 - DEBUG   :: ('CP Server Thread-24',) : Tautulli APIv2 :: Cleaned kwargs: {}
2022-11-27 00:32:55 - DEBUG   :: ('CP Server Thread-20',) : Tautulli APIv2 :: API called with kwargs: {'apikey': '****************', 'cmd': 'get_activity'}
2022-11-27 00:32:55 - DEBUG   :: ('CP Server Thread-20',) : Tautulli APIv2 :: Cleaned kwargs: {}
2022-11-27 00:34:20 - DEBUG   :: ('CP Server Thread-21',) : Tautulli APIv2 :: API called with kwargs: {'apikey': '****************', 'cmd': 'get_activity'}
2022-11-27 00:34:20 - DEBUG   :: ('CP Server Thread-21',) : Tautulli APIv2 :: Cleaned kwargs: {}
2022-11-27 00:34:36 - DEBUG   :: ('CP Server Thread-20',) : Tautulli APIv2 :: API called with kwargs: {'apikey': '****************', 'cmd': 'get_activity'}
2022-11-27 00:34:36 - DEBUG   :: ('CP Server Thread-20',) : Tautulli APIv2 :: Cleaned kwargs: {}
2022-11-27 00:54:53 - DEBUG   :: ('CP Server Thread-19',) : Tautulli APIv2 :: API called with kwargs: {'apikey': '****************', 'cmd': 'get_activity'}
2022-11-27 00:54:53 - DEBUG   :: ('CP Server Thread-19',) : Tautulli APIv2 :: Cleaned kwargs: {}
2022-11-27 00:55:32 - DEBUG   :: ('CP Server Thread-24',) : Tautulli APIv2 :: API called with kwargs: {'apikey': '****************', 'cmd': 'get_activity'}
2022-11-27 00:55:32 - DEBUG   :: ('CP Server Thread-24',) : Tautulli APIv2 :: Cleaned kwargs: {}
2022-11-27 21:53:43 - DEBUG   :: ('CP Server Thread-14',) : Tautulli APIv2 :: API called with kwargs: {'apikey': '****************', 'cmd': 'get_activity'}
2022-11-27 21:53:43 - DEBUG   :: ('CP Server Thread-14',) : Tautulli APIv2 :: Cleaned kwargs: {}
2022-11-27 21:58:47 - DEBUG   :: ('CP Server Thread-12',) : Tautulli APIv2 :: API called with kwargs: {'apikey': '****************', 'cmd': 'get_activity'}
2022-11-27 21:58:47 - DEBUG   :: ('CP Server Thread-12',) : Tautulli APIv2 :: Cleaned kwargs: {}
2022-11-28 08:13:06 - DEBUG   :: ('CP Server Thread-11',) : Tautulli APIv2 :: API called with kwargs: {'apikey': '****************', 'cmd': 'get_activity'}
2022-11-28 08:13:06 - DEBUG   :: ('CP Server Thread-11',) : Tautulli APIv2 :: Cleaned kwargs: {}
2022-11-28 08:27:43 - DEBUG   :: ('CP Server Thread-7',) : Tautulli APIv2 :: API called with kwargs: {'apikey': '****************', 'cmd': 'get_activity'}
2022-11-28 08:27:43 - DEBUG   :: ('CP Server Thread-7',) : Tautulli APIv2 :: Cleaned kwargs: {}
2022-11-28 14:19:54 - DEBUG   :: ('CP Server Thread-7',) : Tautulli APIv2 :: API called with kwargs: {'apikey': '****************', 'cmd': 'get_activity'}
2022-11-28 14:19:54 - DEBUG   :: ('CP Server Thread-7',) : Tautulli APIv2 :: Cleaned kwargs: {}
2022-11-28 14:39:35 - DEBUG   :: ('CP Server Thread-5',) : Tautulli APIv2 :: API called with kwargs: {'apikey': '****************', 'cmd': 'get_activity'}
2022-11-28 14:39:35 - DEBUG   :: ('CP Server Thread-5',) : Tautulli APIv2 :: Cleaned kwargs: {}
2022-11-29 21:21:39 - DEBUG   :: ('CP Server Thread-8',) : Tautulli APIv2 :: API called with kwargs: {'apikey': '****************', 'cmd': 'get_activity'}
2022-11-29 21:21:39 - DEBUG   :: ('CP Server Thread-8',) : Tautulli APIv2 :: Cleaned kwargs: {}
2022-11-29 21:34:37 - DEBUG   :: ('CP Server Thread-5',) : Tautulli APIv2 :: API called with kwargs: {'apikey': '****************', 'cmd': 'get_activity'}
2022-11-29 21:34:37 - DEBUG   :: ('CP Server Thread-5',) : Tautulli APIv2 :: Cleaned kwargs: {}
2022-11-29 23:02:53 - DEBUG   :: ('CP Server Thread-10',) : Tautulli APIv2 :: API called with kwargs: {'apikey': 'xV_j4QKtnH129nmO3QwRHKN64kA7KypB', 'cmd': 'get_activity'}
2022-11-29 23:02:53 - DEBUG   :: ('CP Server Thread-10',) : Tautulli APIv2 :: Invalid apikey.
2022-11-29 23:02:53 - DEBUG   :: ('CP Server Thread-10',) : Tautulli APIv2 :: Cleaned kwargs: None
2022-11-29 23:02:54 - DEBUG   :: ('CP Server Thread-11',) : Tautulli APIv2 :: API called with kwargs: {'apikey': 'xV_j4QKtnH129nmO3QwRHKN64kA7KypB', 'cmd': 'get_activity'}
2022-11-29 23:02:54 - DEBUG   :: ('CP Server Thread-11',) : Tautulli APIv2 :: Invalid apikey.
2022-11-29 23:02:54 - DEBUG   :: ('CP Server Thread-11',) : Tautulli APIv2 :: Cleaned kwargs: None
