2022-11-27 00:22:08 - INFO    :: MainThread : Starting Tautulli v2.10.5
2022-11-27 00:22:08 - INFO    :: MainThread : [Docker] Linux 5.10.16.3-microsoft-standard-WSL2 (#1 SMP Fri Apr 2 22:23:49 UTC 2021)
2022-11-27 00:22:08 - INFO    :: MainThread : Europe/Amsterdam (UTC+0100)
2022-11-27 00:22:08 - INFO    :: MainThread : Python 3.10.8 (main, Nov 10 2022, 12:59:17) [GCC 11.2.1 20220219]
2022-11-27 00:22:08 - INFO    :: MainThread : Program Dir: /app/tautulli
2022-11-27 00:22:08 - INFO    :: MainThread : Config File: /config/config.ini
2022-11-27 00:22:08 - INFO    :: MainThread : Database File: /config/tautulli.db
2022-11-27 00:22:08 - INFO    :: MainThread : Checking if the database upgrades are required...
2022-11-27 00:22:09 - DEBUG   :: MainThread : Altering database. Updating database table notify_log.
2022-11-27 00:22:09 - DEBUG   :: MainThread : User 'Local' does not exist. Adding user.
2022-11-27 00:22:09 - INFO    :: MainThread : Checking if configuration upgrades are required...
2022-11-27 00:22:09 - INFO    :: MainThread : Tautulli Config :: Writing configuration to file
2022-11-27 00:22:09 - DEBUG   :: MainThread : Generating UUID...
2022-11-27 00:22:09 - INFO    :: MainThread : Tautulli Config :: Writing configuration to file
2022-11-27 00:22:09 - DEBUG   :: MainThread : Generating API key...
2022-11-27 00:22:09 - INFO    :: MainThread : Tautulli Config :: Writing configuration to file
2022-11-27 00:22:09 - DEBUG   :: MainThread : Generating JWT secret...
2022-11-27 00:22:09 - INFO    :: MainThread : Tautulli Config :: Writing configuration to file
2022-11-27 00:22:09 - INFO    :: MainThread : Retrieving latest version information from GitHub
2022-11-27 00:22:09 - DEBUG   :: MainThread : Requesting URL via GET method: https://api.github.com/repos/Tautulli/Tautulli/commits/master
2022-11-27 00:22:10 - DEBUG   :: MainThread : Latest version is d7f6a1b186250bedbd46ae61888d80597b8ba976
2022-11-27 00:22:10 - INFO    :: MainThread : Comparing currently installed version with latest GitHub version
2022-11-27 00:22:10 - DEBUG   :: MainThread : Requesting URL via GET method: https://api.github.com/repos/Tautulli/Tautulli/compare/v2.10.5...d7f6a1b186250bedbd46ae61888d80597b8ba976
2022-11-27 00:22:10 - DEBUG   :: MainThread : In total, 0 commits behind
2022-11-27 00:22:10 - INFO    :: MainThread : Tautulli is up to date
2022-11-27 00:22:10 - INFO    :: MainThread : Tautulli NotificationHandler :: Starting background notification handler (2 threads).
2022-11-27 00:22:10 - INFO    :: MainThread : Tautulli WebStart :: Initializing Tautulli web server...
2022-11-27 00:22:10 - WARNING :: MainThread : Tautulli WebStart :: Web server authentication is disabled!
2022-11-27 00:22:10 - INFO    :: MainThread : Tautulli WebStart :: Thread Pool Size: 10.
2022-11-27 00:22:10 - INFO    :: MainThread : Tautulli WebStart :: Starting Tautulli web server on http://0.0.0.0:8181/
2022-11-27 00:22:10 - INFO    :: MainThread : [27/Nov/2022:00:22:10] ENGINE Serving on http://0.0.0.0:8181
2022-11-27 00:22:10 - INFO    :: MainThread : Tautulli is ready!
2022-11-27 00:24:03 - INFO    :: ('CP Server Thread-10',) : Tautulli Config :: Writing configuration to file
2022-11-27 00:25:32 - INFO    :: ('CP Server Thread-14',) : Tautulli Config :: Writing configuration to file
2022-11-27 00:25:32 - INFO    :: ('CP Server Thread-14',) : Tautulli PlexTV :: Requesting resources for server...
2022-11-27 00:25:33 - DEBUG   :: ('CP Server Thread-14',) : Tautulli PlexTV :: Plex Pass subscription not found.
2022-11-27 00:25:33 - INFO    :: ('CP Server Thread-14',) : Tautulli Config :: Writing configuration to file
2022-11-27 00:25:33 - INFO    :: ('CP Server Thread-14',) : Tautulli PlexTV :: Using user-defined URL.
2022-11-27 00:25:33 - INFO    :: ('CP Server Thread-14',) : Tautulli PlexTV :: Selected server: Matthijs-server-docker (http://172.18.0.6:32400) (Linux - Version 1.29.2.6364-6d72b0cf6)
2022-11-27 00:25:33 - INFO    :: ('CP Server Thread-14',) : Tautulli Config :: Writing configuration to file
2022-11-27 00:25:33 - INFO    :: ('CP Server Thread-14',) : Tautulli WebStart :: Restarting Tautulli web server...
2022-11-27 00:25:33 - INFO    :: ('CP Server Thread-14',) : Tautulli WebStart :: Stopping Tautulli web server...
2022-11-27 00:25:33 - INFO    :: ('CP Server Thread-14',) : [27/Nov/2022:00:25:33] ENGINE Bus STOPPING
2022-11-27 00:25:33 - INFO    :: ('CP Server Thread-14',) : [27/Nov/2022:00:25:33] ENGINE HTTP Server cherrypy._cpwsgi_server.CPWSGIServer(('0.0.0.0', 8181)) shut down
2022-11-27 00:25:33 - INFO    :: ('CP Server Thread-14',) : [27/Nov/2022:00:25:33] ENGINE Bus STOPPED
2022-11-27 00:25:33 - INFO    :: ('CP Server Thread-14',) : [27/Nov/2022:00:25:33] ENGINE Bus EXITING
2022-11-27 00:25:33 - INFO    :: ('CP Server Thread-14',) : [27/Nov/2022:00:25:33] ENGINE Bus EXITED
2022-11-27 00:25:33 - INFO    :: ('CP Server Thread-14',) : Tautulli WebStart :: Initializing Tautulli web server...
2022-11-27 00:25:33 - INFO    :: ('CP Server Thread-14',) : Tautulli WebStart :: Web server authentication is enabled: Tautulli admin (username is 'MatthijsvanDelft') and Plex admin.
2022-11-27 00:25:33 - INFO    :: ('CP Server Thread-14',) : Tautulli WebStart :: Thread Pool Size: 10.
2022-11-27 00:25:33 - INFO    :: ('CP Server Thread-14',) : Tautulli WebStart :: Starting Tautulli web server on http://0.0.0.0:8181/
2022-11-27 00:25:33 - INFO    :: ('CP Server Thread-14',) : [27/Nov/2022:00:25:33] ENGINE Serving on http://0.0.0.0:8181
2022-11-27 00:25:34 - DEBUG   :: ('CP Server Thread-14',) : Tautulli Monitor :: Checking for active streams.
2022-11-27 00:25:34 - INFO    :: Thread-26 (run) : Tautulli WebSocket :: Opening websocket.
2022-11-27 00:25:34 - INFO    :: ('CP Server Thread-14',) : Scheduled background task: Check GitHub for updates
2022-11-27 00:25:34 - INFO    :: ('CP Server Thread-14',) : Scheduled background task: Optimize Tautulli database
2022-11-27 00:25:34 - INFO    :: Thread-26 (run) : Tautulli WebSocket :: Ready
2022-11-27 00:25:34 - INFO    :: ('CP Server Thread-14',) : Scheduled background task: Backup Tautulli database
2022-11-27 00:25:34 - INFO    :: ('CP Server Thread-14',) : Scheduled background task: Backup Tautulli config
2022-11-27 00:25:34 - INFO    :: ('CP Server Thread-14',) : Scheduled background task: Refresh Plex server URLs
2022-11-27 00:25:34 - INFO    :: ('CP Server Thread-14',) : Scheduled background task: Refresh users list
2022-11-27 00:25:34 - INFO    :: ('CP Server Thread-14',) : Scheduled background task: Refresh libraries list
2022-11-27 00:25:34 - INFO    :: Thread-27 (refresh_libraries) : Tautulli Libraries :: Requesting libraries list refresh...
2022-11-27 00:25:34 - INFO    :: Thread-28 (refresh_users) : Tautulli Users :: Requesting users list refresh...
2022-11-27 00:25:34 - INFO    :: Thread-28 (refresh_users) : Tautulli Users :: Users list refreshed.
2022-11-27 00:25:38 - INFO    :: Thread-27 (refresh_libraries) : Tautulli Config :: Writing configuration to file
2022-11-27 00:25:38 - INFO    :: Thread-27 (refresh_libraries) : Tautulli Libraries :: Libraries list refreshed.
2022-11-27 00:25:50 - DEBUG   :: ('CP Server Thread-24',) : Tautulli WebAuth :: Admin user 'Ma********t' logged into Tautulli using Plex OAuth login.
2022-11-27 00:25:50 - DEBUG   :: ('CP Server Thread-18',) : Requesting URL via GET method: https://tautulli.com/anonymizer.txt
2022-11-27 00:25:51 - INFO    :: ('CP Server Thread-19',) : Tautulli Config :: Writing configuration to file
2022-11-27 00:25:51 - ERROR   :: ('CP Server Thread-14',) : [27/Nov/2022:00:25:51] HTTP 
Traceback (most recent call last):
  File "/app/tautulli/lib/cherrypy/_cprequest.py", line 638, in respond
    self._do_respond(path_info)
  File "/app/tautulli/lib/cherrypy/_cprequest.py", line 697, in _do_respond
    response.body = self.handler()
  File "/app/tautulli/lib/cherrypy/lib/encoding.py", line 223, in __call__
    self.body = self.oldhandler(*args, **kwargs)
  File "/app/tautulli/lib/cherrypy/_cpdispatch.py", line 54, in __call__
    return self.callable(*self.args, **self.kwargs)
  File "/app/tautulli/plexpy/webserve.py", line 4697, in pms_image_proxy
    return self.real_pms_image_proxy(**kwargs)
  File "/app/tautulli/plexpy/helpers.py", line 83, in wrapper
    return function(*args, **kwargs)
  File "/app/tautulli/plexpy/webserve.py", line 4773, in real_pms_image_proxy
    os.mkdir(c_dir)
FileExistsError: [Errno 17] File exists: '/config/cache/images'
2022-11-27 00:25:51 - ERROR   :: ('CP Server Thread-22',) : [27/Nov/2022:00:25:51] HTTP 
Traceback (most recent call last):
  File "/app/tautulli/lib/cherrypy/_cprequest.py", line 638, in respond
    self._do_respond(path_info)
  File "/app/tautulli/lib/cherrypy/_cprequest.py", line 697, in _do_respond
    response.body = self.handler()
  File "/app/tautulli/lib/cherrypy/lib/encoding.py", line 223, in __call__
    self.body = self.oldhandler(*args, **kwargs)
  File "/app/tautulli/lib/cherrypy/_cpdispatch.py", line 54, in __call__
    return self.callable(*self.args, **self.kwargs)
  File "/app/tautulli/plexpy/webserve.py", line 4697, in pms_image_proxy
    return self.real_pms_image_proxy(**kwargs)
  File "/app/tautulli/plexpy/helpers.py", line 83, in wrapper
    return function(*args, **kwargs)
  File "/app/tautulli/plexpy/webserve.py", line 4773, in real_pms_image_proxy
    os.mkdir(c_dir)
FileExistsError: [Errno 17] File exists: '/config/cache/images'
2022-11-27 00:26:14 - DEBUG   :: ('CP Server Thread-24',) : Tautulli PlexTV :: Plex Pass subscription not found.
2022-11-27 00:26:14 - INFO    :: ('CP Server Thread-24',) : Tautulli Config :: Writing configuration to file
2022-11-27 00:27:23 - INFO    :: ('CP Server Thread-14',) : Tautulli Config :: Writing configuration to file
2022-11-27 00:27:24 - DEBUG   :: ('CP Server Thread-19',) : Tautulli PlexTV :: Plex Pass subscription not found.
2022-11-27 00:27:24 - INFO    :: ('CP Server Thread-19',) : Tautulli Config :: Writing configuration to file
2022-11-27 00:28:58 - ERROR   :: ('CP Server Thread-22',) : Failed to access uri endpoint /servers/****************/sync_lists. Status code 401 Client Error: Unauthorized for url: https://plex.tv/servers/****************/sync_lists
2022-11-27 00:28:58 - WARNING :: ('CP Server Thread-22',) : Tautulli PlexTV :: Unable to parse XML for get_synced_items: 'NoneType' object has no attribute 'getElementsByTagName'.
2022-11-27 00:28:58 - WARNING :: ('CP Server Thread-22',) : Unable to retrieve data for get_sync.
2022-11-27 00:29:03 - DEBUG   :: ('CP Server Thread-22',) : Tautulli PlexTV :: Plex Pass subscription not found.
2022-11-27 00:29:03 - INFO    :: ('CP Server Thread-22',) : Tautulli Config :: Writing configuration to file
2022-11-27 00:29:05 - DEBUG   :: ('CP Server Thread-25',) : Tautulli PlexTV :: Plex Pass subscription not found.
2022-11-27 00:29:05 - INFO    :: ('CP Server Thread-25',) : Tautulli Config :: Writing configuration to file
2022-11-27 00:30:17 - INFO    :: ('CP Server Thread-18',) : Tautulli PlexTV :: Requesting resources for server...
2022-11-27 00:30:17 - DEBUG   :: ('CP Server Thread-18',) : Tautulli PlexTV :: Plex Pass subscription not found.
2022-11-27 00:30:17 - INFO    :: ('CP Server Thread-18',) : Tautulli Config :: Writing configuration to file
2022-11-27 00:30:17 - INFO    :: ('CP Server Thread-18',) : Tautulli PlexTV :: Server URL retrieved.
2022-11-27 00:30:17 - DEBUG   :: ('CP Server Thread-18',) : Testing secure websocket connection...
2022-11-27 00:30:18 - DEBUG   :: ('CP Server Thread-18',) : Websocket connection test successful.
2022-11-27 00:30:18 - INFO    :: ('CP Server Thread-14',) : Tautulli Config :: Writing configuration to file
2022-11-27 00:30:18 - INFO    :: ('CP Server Thread-14',) : Tautulli PlexTV :: Requesting resources for server...
2022-11-27 00:30:18 - DEBUG   :: ('CP Server Thread-14',) : Tautulli PlexTV :: Plex Pass subscription not found.
2022-11-27 00:30:18 - INFO    :: ('CP Server Thread-14',) : Tautulli Config :: Writing configuration to file
2022-11-27 00:30:18 - INFO    :: ('CP Server Thread-14',) : Tautulli PlexTV :: Server URL retrieved.
2022-11-27 00:30:18 - INFO    :: ('CP Server Thread-14',) : Tautulli PlexTV :: Selected server: Matthijs-server-docker (https://172-18-0-6.39e2a1c7bd204a2db5fda3923fa715fc.plex.direct:32400) (Linux - Version 1.29.2.6364-6d72b0cf6)
2022-11-27 00:30:18 - INFO    :: ('CP Server Thread-14',) : Tautulli Config :: Writing configuration to file
2022-11-27 00:30:18 - INFO    :: ('CP Server Thread-14',) : Tautulli WebSocket :: Disconnecting websocket...
2022-11-27 00:30:18 - INFO    :: ('CP Server Thread-14',) : Tautulli WebSocket :: Reconnecting websocket...
2022-11-27 00:30:19 - WARNING :: Thread-26 (run) : Tautulli WebSocket :: Connection has closed.
2022-11-27 00:30:19 - WARNING :: Thread-26 (run) : Tautulli WebSocket :: Reconnection attempt 1.
2022-11-27 00:30:19 - INFO    :: Thread-26 (run) : Tautulli WebSocket :: Ready
2022-11-27 00:30:19 - DEBUG   :: ('CP Server Thread-14',) : Tautulli Monitor :: Checking for active streams.
2022-11-27 00:30:19 - INFO    :: Thread-29 (run) : Tautulli WebSocket :: Opening secure websocket.
2022-11-27 00:30:19 - INFO    :: Thread-30 (refresh_libraries) : Tautulli Libraries :: Requesting libraries list refresh...
2022-11-27 00:30:19 - INFO    :: Thread-31 (refresh_users) : Tautulli Users :: Requesting users list refresh...
2022-11-27 00:30:19 - INFO    :: Thread-29 (run) : Tautulli WebSocket :: Ready
2022-11-27 00:30:19 - DEBUG   :: ('CP Server Thread-23',) : Tautulli PlexTV :: Plex Pass subscription not found.
2022-11-27 00:30:19 - INFO    :: ('CP Server Thread-23',) : Tautulli Config :: Writing configuration to file
2022-11-27 00:30:19 - INFO    :: Thread-31 (refresh_users) : Tautulli Users :: Users list refreshed.
2022-11-27 00:30:23 - INFO    :: Thread-30 (refresh_libraries) : Tautulli Config :: Writing configuration to file
2022-11-27 00:30:23 - INFO    :: Thread-30 (refresh_libraries) : Tautulli Libraries :: Libraries list refreshed.
2022-11-27 00:30:29 - WARNING :: Thread-26 (run) : Tautulli WebSocket :: Connection has closed.
2022-11-27 00:30:29 - WARNING :: Thread-29 (run) : Tautulli WebSocket :: Connection has closed.
2022-11-27 00:30:29 - WARNING :: Thread-26 (run) : Tautulli WebSocket :: Reconnection attempt 1.
2022-11-27 00:30:29 - WARNING :: Thread-29 (run) : Tautulli WebSocket :: Reconnection attempt 1.
2022-11-27 00:30:29 - INFO    :: Thread-26 (run) : Tautulli WebSocket :: Ready
2022-11-27 00:30:29 - INFO    :: Thread-29 (run) : Tautulli WebSocket :: Ready
2022-11-27 00:30:39 - WARNING :: Thread-26 (run) : Tautulli WebSocket :: Connection has closed.
2022-11-27 00:30:39 - WARNING :: Thread-29 (run) : Tautulli WebSocket :: Connection has closed.
2022-11-27 00:30:39 - WARNING :: Thread-26 (run) : Tautulli WebSocket :: Reconnection attempt 1.
2022-11-27 00:30:39 - WARNING :: Thread-29 (run) : Tautulli WebSocket :: Reconnection attempt 1.
2022-11-27 00:30:39 - INFO    :: Thread-26 (run) : Tautulli WebSocket :: Ready
2022-11-27 00:30:39 - INFO    :: Thread-29 (run) : Tautulli WebSocket :: Ready
2022-11-27 00:30:49 - WARNING :: Thread-26 (run) : Tautulli WebSocket :: Connection has closed.
2022-11-27 00:30:49 - WARNING :: Thread-29 (run) : Tautulli WebSocket :: Connection has closed.
2022-11-27 00:30:49 - WARNING :: Thread-26 (run) : Tautulli WebSocket :: Reconnection attempt 1.
2022-11-27 00:30:49 - WARNING :: Thread-29 (run) : Tautulli WebSocket :: Reconnection attempt 1.
2022-11-27 00:30:49 - INFO    :: Thread-26 (run) : Tautulli WebSocket :: Ready
2022-11-27 00:30:49 - INFO    :: Thread-29 (run) : Tautulli WebSocket :: Ready
2022-11-27 00:30:59 - WARNING :: Thread-26 (run) : Tautulli WebSocket :: Connection has closed.
2022-11-27 00:30:59 - WARNING :: Thread-29 (run) : Tautulli WebSocket :: Connection has closed.
2022-11-27 00:30:59 - WARNING :: Thread-26 (run) : Tautulli WebSocket :: Reconnection attempt 1.
2022-11-27 00:30:59 - WARNING :: Thread-29 (run) : Tautulli WebSocket :: Reconnection attempt 1.
2022-11-27 00:30:59 - INFO    :: Thread-26 (run) : Tautulli WebSocket :: Ready
2022-11-27 00:30:59 - INFO    :: Thread-29 (run) : Tautulli WebSocket :: Ready
2022-11-27 00:31:09 - WARNING :: Thread-26 (run) : Tautulli WebSocket :: Connection has closed.
2022-11-27 00:31:09 - WARNING :: Thread-29 (run) : Tautulli WebSocket :: Connection has closed.
2022-11-27 00:31:09 - WARNING :: Thread-26 (run) : Tautulli WebSocket :: Reconnection attempt 1.
2022-11-27 00:31:09 - WARNING :: Thread-29 (run) : Tautulli WebSocket :: Reconnection attempt 1.
2022-11-27 00:31:09 - INFO    :: Thread-26 (run) : Tautulli WebSocket :: Ready
2022-11-27 00:31:09 - INFO    :: Thread-29 (run) : Tautulli WebSocket :: Ready
2022-11-27 00:31:49 - WARNING :: Thread-26 (run) : Tautulli WebSocket :: Connection has closed.
2022-11-27 00:31:49 - WARNING :: Thread-29 (run) : Tautulli WebSocket :: Connection has closed.
2022-11-27 00:31:49 - WARNING :: Thread-26 (run) : Tautulli WebSocket :: Reconnection attempt 1.
2022-11-27 00:31:49 - WARNING :: Thread-29 (run) : Tautulli WebSocket :: Reconnection attempt 1.
2022-11-27 00:31:49 - INFO    :: Thread-26 (run) : Tautulli WebSocket :: Ready
2022-11-27 00:31:50 - INFO    :: Thread-29 (run) : Tautulli WebSocket :: Ready
2022-11-27 00:32:00 - WARNING :: Thread-29 (run) : Tautulli WebSocket :: Connection has closed.
2022-11-27 00:32:00 - WARNING :: Thread-26 (run) : Tautulli WebSocket :: Connection has closed.
2022-11-27 00:32:00 - WARNING :: Thread-29 (run) : Tautulli WebSocket :: Reconnection attempt 1.
2022-11-27 00:32:00 - WARNING :: Thread-26 (run) : Tautulli WebSocket :: Reconnection attempt 1.
2022-11-27 00:32:00 - INFO    :: Thread-26 (run) : Tautulli WebSocket :: Ready
2022-11-27 00:32:00 - INFO    :: Thread-29 (run) : Tautulli WebSocket :: Ready
2022-11-27 00:32:10 - WARNING :: Thread-26 (run) : Tautulli WebSocket :: Connection has closed.
2022-11-27 00:32:10 - WARNING :: Thread-29 (run) : Tautulli WebSocket :: Connection has closed.
2022-11-27 00:32:10 - WARNING :: Thread-26 (run) : Tautulli WebSocket :: Reconnection attempt 1.
2022-11-27 00:32:10 - WARNING :: Thread-29 (run) : Tautulli WebSocket :: Reconnection attempt 1.
2022-11-27 00:32:10 - INFO    :: Thread-26 (run) : Tautulli WebSocket :: Ready
2022-11-27 00:32:10 - INFO    :: Thread-29 (run) : Tautulli WebSocket :: Ready
2022-11-27 00:32:20 - WARNING :: Thread-29 (run) : Tautulli WebSocket :: Connection has closed.
2022-11-27 00:32:20 - WARNING :: Thread-26 (run) : Tautulli WebSocket :: Connection has closed.
2022-11-27 00:32:20 - WARNING :: Thread-29 (run) : Tautulli WebSocket :: Reconnection attempt 1.
2022-11-27 00:32:20 - WARNING :: Thread-26 (run) : Tautulli WebSocket :: Reconnection attempt 1.
2022-11-27 00:32:20 - INFO    :: Thread-26 (run) : Tautulli WebSocket :: Ready
2022-11-27 00:32:20 - INFO    :: Thread-29 (run) : Tautulli WebSocket :: Ready
2022-11-27 00:32:30 - WARNING :: Thread-26 (run) : Tautulli WebSocket :: Connection has closed.
2022-11-27 00:32:30 - WARNING :: Thread-29 (run) : Tautulli WebSocket :: Connection has closed.
2022-11-27 00:32:30 - WARNING :: Thread-26 (run) : Tautulli WebSocket :: Reconnection attempt 1.
2022-11-27 00:32:30 - WARNING :: Thread-29 (run) : Tautulli WebSocket :: Reconnection attempt 1.
2022-11-27 00:32:30 - INFO    :: Thread-26 (run) : Tautulli WebSocket :: Ready
2022-11-27 00:32:30 - INFO    :: Thread-29 (run) : Tautulli WebSocket :: Ready
2022-11-27 00:32:50 - WARNING :: Thread-26 (run) : Tautulli WebSocket :: Connection has closed.
2022-11-27 00:32:50 - WARNING :: Thread-29 (run) : Tautulli WebSocket :: Connection has closed.
2022-11-27 00:32:50 - WARNING :: Thread-26 (run) : Tautulli WebSocket :: Reconnection attempt 1.
2022-11-27 00:32:50 - WARNING :: Thread-29 (run) : Tautulli WebSocket :: Reconnection attempt 1.
2022-11-27 00:32:50 - INFO    :: Thread-26 (run) : Tautulli WebSocket :: Ready
2022-11-27 00:32:50 - INFO    :: Thread-29 (run) : Tautulli WebSocket :: Ready
2022-11-27 00:33:00 - WARNING :: Thread-29 (run) : Tautulli WebSocket :: Connection has closed.
2022-11-27 00:33:00 - WARNING :: Thread-26 (run) : Tautulli WebSocket :: Connection has closed.
2022-11-27 00:33:00 - WARNING :: Thread-29 (run) : Tautulli WebSocket :: Reconnection attempt 1.
2022-11-27 00:33:00 - WARNING :: Thread-26 (run) : Tautulli WebSocket :: Reconnection attempt 1.
2022-11-27 00:33:00 - INFO    :: Thread-26 (run) : Tautulli WebSocket :: Ready
2022-11-27 00:33:00 - INFO    :: Thread-29 (run) : Tautulli WebSocket :: Ready
2022-11-27 00:33:10 - WARNING :: Thread-29 (run) : Tautulli WebSocket :: Connection has closed.
2022-11-27 00:33:10 - WARNING :: Thread-26 (run) : Tautulli WebSocket :: Connection has closed.
2022-11-27 00:33:10 - WARNING :: Thread-29 (run) : Tautulli WebSocket :: Reconnection attempt 1.
2022-11-27 00:33:10 - WARNING :: Thread-26 (run) : Tautulli WebSocket :: Reconnection attempt 1.
2022-11-27 00:33:10 - INFO    :: Thread-26 (run) : Tautulli WebSocket :: Ready
2022-11-27 00:33:10 - INFO    :: Thread-29 (run) : Tautulli WebSocket :: Ready
2022-11-27 00:33:20 - WARNING :: Thread-26 (run) : Tautulli WebSocket :: Connection has closed.
2022-11-27 00:33:20 - WARNING :: Thread-29 (run) : Tautulli WebSocket :: Connection has closed.
2022-11-27 00:33:20 - WARNING :: Thread-26 (run) : Tautulli WebSocket :: Reconnection attempt 1.
2022-11-27 00:33:20 - WARNING :: Thread-29 (run) : Tautulli WebSocket :: Reconnection attempt 1.
2022-11-27 00:33:20 - INFO    :: Thread-26 (run) : Tautulli WebSocket :: Ready
2022-11-27 00:33:20 - INFO    :: Thread-29 (run) : Tautulli WebSocket :: Ready
2022-11-27 00:33:30 - WARNING :: Thread-29 (run) : Tautulli WebSocket :: Connection has closed.
2022-11-27 00:33:30 - WARNING :: Thread-26 (run) : Tautulli WebSocket :: Connection has closed.
2022-11-27 00:33:30 - WARNING :: Thread-29 (run) : Tautulli WebSocket :: Reconnection attempt 1.
2022-11-27 00:33:30 - WARNING :: Thread-26 (run) : Tautulli WebSocket :: Reconnection attempt 1.
2022-11-27 00:33:30 - INFO    :: Thread-26 (run) : Tautulli WebSocket :: Ready
2022-11-27 00:33:30 - INFO    :: Thread-29 (run) : Tautulli WebSocket :: Ready
2022-11-27 00:33:40 - WARNING :: Thread-26 (run) : Tautulli WebSocket :: Connection has closed.
2022-11-27 00:33:40 - WARNING :: Thread-29 (run) : Tautulli WebSocket :: Connection has closed.
2022-11-27 00:33:40 - WARNING :: Thread-26 (run) : Tautulli WebSocket :: Reconnection attempt 1.
2022-11-27 00:33:40 - WARNING :: Thread-29 (run) : Tautulli WebSocket :: Reconnection attempt 1.
2022-11-27 00:33:40 - INFO    :: Thread-26 (run) : Tautulli WebSocket :: Ready
2022-11-27 00:33:40 - INFO    :: Thread-29 (run) : Tautulli WebSocket :: Ready
2022-11-27 00:33:52 - INFO    :: ('CP Server Thread-21',) : New API key generated.
2022-11-27 00:34:00 - WARNING :: Thread-29 (run) : Tautulli WebSocket :: Connection has closed.
2022-11-27 00:34:00 - WARNING :: Thread-26 (run) : Tautulli WebSocket :: Connection has closed.
2022-11-27 00:34:00 - WARNING :: Thread-29 (run) : Tautulli WebSocket :: Reconnection attempt 1.
2022-11-27 00:34:00 - WARNING :: Thread-26 (run) : Tautulli WebSocket :: Reconnection attempt 1.
2022-11-27 00:34:00 - INFO    :: Thread-26 (run) : Tautulli WebSocket :: Ready
2022-11-27 00:34:00 - INFO    :: Thread-29 (run) : Tautulli WebSocket :: Ready
2022-11-27 00:34:13 - INFO    :: ('CP Server Thread-22',) : Tautulli Config :: Writing configuration to file
2022-11-27 00:34:13 - INFO    :: ('CP Server Thread-22',) : Tautulli PlexTV :: Requesting resources for server...
2022-11-27 00:34:14 - DEBUG   :: ('CP Server Thread-22',) : Tautulli PlexTV :: Plex Pass subscription not found.
2022-11-27 00:34:14 - INFO    :: ('CP Server Thread-22',) : Tautulli Config :: Writing configuration to file
2022-11-27 00:34:14 - INFO    :: ('CP Server Thread-22',) : Tautulli PlexTV :: Server URL retrieved.
2022-11-27 00:34:14 - INFO    :: ('CP Server Thread-22',) : Tautulli PlexTV :: Selected server: Matthijs-server-docker (https://172-18-0-6.39e2a1c7bd204a2db5fda3923fa715fc.plex.direct:32400) (Linux - Version 1.29.2.6364-6d72b0cf6)
2022-11-27 00:34:14 - INFO    :: ('CP Server Thread-22',) : Tautulli Config :: Writing configuration to file
2022-11-27 00:34:14 - INFO    :: ('CP Server Thread-22',) : Tautulli WebSocket :: Disconnecting websocket...
2022-11-27 00:34:14 - WARNING :: Thread-29 (run) : Tautulli WebSocket :: Connection has closed.
2022-11-27 00:34:14 - INFO    :: ('CP Server Thread-22',) : Tautulli WebSocket :: Reconnecting websocket...
2022-11-27 00:34:14 - WARNING :: Thread-26 (run) : Tautulli WebSocket :: Connection has closed.
2022-11-27 00:34:14 - WARNING :: Thread-26 (run) : Tautulli WebSocket :: Reconnection attempt 1.
2022-11-27 00:34:14 - WARNING :: Thread-29 (run) : Tautulli WebSocket :: Reconnection attempt 1.
2022-11-27 00:34:14 - INFO    :: Thread-26 (run) : Tautulli WebSocket :: Ready
2022-11-27 00:34:14 - INFO    :: Thread-29 (run) : Tautulli WebSocket :: Ready
2022-11-27 00:34:14 - DEBUG   :: ('CP Server Thread-22',) : Tautulli Monitor :: Checking for active streams.
2022-11-27 00:34:14 - INFO    :: Thread-32 (run) : Tautulli WebSocket :: Opening secure websocket.
2022-11-27 00:34:14 - INFO    :: Thread-33 (refresh_libraries) : Tautulli Libraries :: Requesting libraries list refresh...
2022-11-27 00:34:14 - INFO    :: Thread-34 (refresh_users) : Tautulli Users :: Requesting users list refresh...
2022-11-27 00:34:14 - INFO    :: Thread-32 (run) : Tautulli WebSocket :: Ready
2022-11-27 00:34:15 - DEBUG   :: ('CP Server Thread-19',) : Tautulli PlexTV :: Plex Pass subscription not found.
2022-11-27 00:34:15 - INFO    :: ('CP Server Thread-19',) : Tautulli Config :: Writing configuration to file
2022-11-27 00:34:15 - INFO    :: Thread-34 (refresh_users) : Tautulli Users :: Users list refreshed.
2022-11-27 00:34:21 - INFO    :: Thread-33 (refresh_libraries) : Tautulli Config :: Writing configuration to file
2022-11-27 00:34:21 - INFO    :: Thread-33 (refresh_libraries) : Tautulli Libraries :: Libraries list refreshed.
2022-11-27 00:34:24 - WARNING :: Thread-26 (run) : Tautulli WebSocket :: Connection has closed.
2022-11-27 00:34:24 - WARNING :: Thread-29 (run) : Tautulli WebSocket :: Connection has closed.
2022-11-27 00:34:24 - WARNING :: Thread-32 (run) : Tautulli WebSocket :: Connection has closed.
2022-11-27 00:34:24 - WARNING :: Thread-26 (run) : Tautulli WebSocket :: Reconnection attempt 1.
2022-11-27 00:34:24 - WARNING :: Thread-29 (run) : Tautulli WebSocket :: Reconnection attempt 1.
2022-11-27 00:34:24 - WARNING :: Thread-32 (run) : Tautulli WebSocket :: Reconnection attempt 1.
2022-11-27 00:34:24 - INFO    :: Thread-26 (run) : Tautulli WebSocket :: Ready
2022-11-27 00:34:24 - INFO    :: Thread-32 (run) : Tautulli WebSocket :: Ready
2022-11-27 00:34:24 - INFO    :: Thread-29 (run) : Tautulli WebSocket :: Ready
2022-11-27 00:34:34 - WARNING :: Thread-32 (run) : Tautulli WebSocket :: Connection has closed.
2022-11-27 00:34:34 - WARNING :: Thread-26 (run) : Tautulli WebSocket :: Connection has closed.
2022-11-27 00:34:34 - WARNING :: Thread-26 (run) : Tautulli WebSocket :: Reconnection attempt 1.
2022-11-27 00:34:34 - WARNING :: Thread-32 (run) : Tautulli WebSocket :: Reconnection attempt 1.
2022-11-27 00:34:34 - WARNING :: Thread-29 (run) : Tautulli WebSocket :: Connection has closed.
2022-11-27 00:34:34 - INFO    :: Thread-26 (run) : Tautulli WebSocket :: Ready
2022-11-27 00:34:34 - WARNING :: Thread-29 (run) : Tautulli WebSocket :: Reconnection attempt 1.
2022-11-27 00:34:34 - INFO    :: Thread-32 (run) : Tautulli WebSocket :: Ready
2022-11-27 00:34:34 - INFO    :: Thread-29 (run) : Tautulli WebSocket :: Ready
2022-11-27 00:34:44 - WARNING :: Thread-32 (run) : Tautulli WebSocket :: Connection has closed.
2022-11-27 00:34:44 - WARNING :: Thread-26 (run) : Tautulli WebSocket :: Connection has closed.
2022-11-27 00:34:44 - WARNING :: Thread-29 (run) : Tautulli WebSocket :: Connection has closed.
2022-11-27 00:34:44 - WARNING :: Thread-32 (run) : Tautulli WebSocket :: Reconnection attempt 1.
2022-11-27 00:34:44 - WARNING :: Thread-26 (run) : Tautulli WebSocket :: Reconnection attempt 1.
2022-11-27 00:34:44 - WARNING :: Thread-29 (run) : Tautulli WebSocket :: Reconnection attempt 1.
2022-11-27 00:34:44 - INFO    :: Thread-26 (run) : Tautulli WebSocket :: Ready
2022-11-27 00:34:44 - INFO    :: Thread-32 (run) : Tautulli WebSocket :: Ready
2022-11-27 00:34:44 - INFO    :: Thread-29 (run) : Tautulli WebSocket :: Ready
2022-11-27 00:34:54 - WARNING :: Thread-26 (run) : Tautulli WebSocket :: Connection has closed.
2022-11-27 00:34:54 - WARNING :: Thread-32 (run) : Tautulli WebSocket :: Connection has closed.
2022-11-27 00:34:54 - WARNING :: Thread-29 (run) : Tautulli WebSocket :: Connection has closed.
2022-11-27 00:34:54 - WARNING :: Thread-26 (run) : Tautulli WebSocket :: Reconnection attempt 1.
2022-11-27 00:34:54 - WARNING :: Thread-32 (run) : Tautulli WebSocket :: Reconnection attempt 1.
2022-11-27 00:34:54 - WARNING :: Thread-29 (run) : Tautulli WebSocket :: Reconnection attempt 1.
2022-11-27 00:34:54 - INFO    :: Thread-26 (run) : Tautulli WebSocket :: Ready
2022-11-27 00:34:55 - INFO    :: Thread-29 (run) : Tautulli WebSocket :: Ready
2022-11-27 00:34:55 - INFO    :: Thread-32 (run) : Tautulli WebSocket :: Ready
2022-11-27 00:35:05 - WARNING :: Thread-26 (run) : Tautulli WebSocket :: Connection has closed.
2022-11-27 00:35:05 - WARNING :: Thread-29 (run) : Tautulli WebSocket :: Connection has closed.
2022-11-27 00:35:05 - WARNING :: Thread-26 (run) : Tautulli WebSocket :: Reconnection attempt 1.
2022-11-27 00:35:05 - WARNING :: Thread-29 (run) : Tautulli WebSocket :: Reconnection attempt 1.
2022-11-27 00:35:05 - INFO    :: Thread-26 (run) : Tautulli WebSocket :: Ready
2022-11-27 00:35:05 - INFO    :: Thread-29 (run) : Tautulli WebSocket :: Ready
2022-11-27 00:35:10 - WARNING :: Thread-32 (run) : Tautulli WebSocket :: Reconnection attempt 2.
2022-11-27 00:35:10 - INFO    :: Thread-32 (run) : Tautulli WebSocket :: Ready
2022-11-27 00:35:20 - WARNING :: Thread-26 (run) : Tautulli WebSocket :: Connection has closed.
2022-11-27 00:35:20 - WARNING :: Thread-29 (run) : Tautulli WebSocket :: Connection has closed.
2022-11-27 00:35:20 - WARNING :: Thread-32 (run) : Tautulli WebSocket :: Connection has closed.
2022-11-27 00:35:20 - WARNING :: Thread-26 (run) : Tautulli WebSocket :: Reconnection attempt 1.
2022-11-27 00:35:20 - WARNING :: Thread-29 (run) : Tautulli WebSocket :: Reconnection attempt 1.
2022-11-27 00:35:20 - WARNING :: Thread-32 (run) : Tautulli WebSocket :: Reconnection attempt 1.
2022-11-27 00:35:20 - INFO    :: Thread-26 (run) : Tautulli WebSocket :: Ready
2022-11-27 00:35:20 - INFO    :: Thread-32 (run) : Tautulli WebSocket :: Ready
2022-11-27 00:35:20 - INFO    :: Thread-29 (run) : Tautulli WebSocket :: Ready
2022-11-27 00:35:30 - WARNING :: Thread-26 (run) : Tautulli WebSocket :: Connection has closed.
2022-11-27 00:35:30 - WARNING :: Thread-32 (run) : Tautulli WebSocket :: Connection has closed.
2022-11-27 00:35:30 - WARNING :: Thread-26 (run) : Tautulli WebSocket :: Reconnection attempt 1.
2022-11-27 00:35:30 - WARNING :: Thread-32 (run) : Tautulli WebSocket :: Reconnection attempt 1.
2022-11-27 00:35:30 - INFO    :: Thread-26 (run) : Tautulli WebSocket :: Ready
2022-11-27 00:35:30 - INFO    :: Thread-32 (run) : Tautulli WebSocket :: Ready
2022-11-27 00:35:35 - WARNING :: Thread-29 (run) : Tautulli WebSocket :: Reconnection attempt 2.
2022-11-27 00:35:35 - INFO    :: Thread-29 (run) : Tautulli WebSocket :: Ready
2022-11-27 00:35:45 - WARNING :: Thread-26 (run) : Tautulli WebSocket :: Connection has closed.
2022-11-27 00:35:45 - WARNING :: Thread-26 (run) : Tautulli WebSocket :: Reconnection attempt 1.
2022-11-27 00:35:45 - WARNING :: Thread-29 (run) : Tautulli WebSocket :: Connection has closed.
2022-11-27 00:35:45 - WARNING :: Thread-32 (run) : Tautulli WebSocket :: Connection has closed.
2022-11-27 00:35:45 - WARNING :: Thread-29 (run) : Tautulli WebSocket :: Reconnection attempt 1.
2022-11-27 00:35:45 - WARNING :: Thread-32 (run) : Tautulli WebSocket :: Reconnection attempt 1.
2022-11-27 00:35:45 - INFO    :: Thread-26 (run) : Tautulli WebSocket :: Ready
2022-11-27 00:35:45 - INFO    :: Thread-32 (run) : Tautulli WebSocket :: Ready
2022-11-27 00:35:45 - INFO    :: Thread-29 (run) : Tautulli WebSocket :: Ready
2022-11-27 00:35:55 - WARNING :: Thread-26 (run) : Tautulli WebSocket :: Connection has closed.
2022-11-27 00:35:55 - WARNING :: Thread-32 (run) : Tautulli WebSocket :: Connection has closed.
2022-11-27 00:35:55 - WARNING :: Thread-29 (run) : Tautulli WebSocket :: Connection has closed.
2022-11-27 00:35:55 - WARNING :: Thread-26 (run) : Tautulli WebSocket :: Reconnection attempt 1.
2022-11-27 00:35:55 - WARNING :: Thread-32 (run) : Tautulli WebSocket :: Reconnection attempt 1.
2022-11-27 00:35:55 - WARNING :: Thread-29 (run) : Tautulli WebSocket :: Reconnection attempt 1.
2022-11-27 00:35:55 - INFO    :: Thread-26 (run) : Tautulli WebSocket :: Ready
2022-11-27 00:35:55 - INFO    :: Thread-32 (run) : Tautulli WebSocket :: Ready
2022-11-27 00:35:55 - INFO    :: Thread-29 (run) : Tautulli WebSocket :: Ready
2022-11-27 00:36:05 - WARNING :: Thread-26 (run) : Tautulli WebSocket :: Connection has closed.
2022-11-27 00:36:05 - WARNING :: Thread-32 (run) : Tautulli WebSocket :: Connection has closed.
2022-11-27 00:36:05 - WARNING :: Thread-26 (run) : Tautulli WebSocket :: Reconnection attempt 1.
2022-11-27 00:36:05 - WARNING :: Thread-32 (run) : Tautulli WebSocket :: Reconnection attempt 1.
2022-11-27 00:36:05 - INFO    :: Thread-26 (run) : Tautulli WebSocket :: Ready
2022-11-27 00:36:05 - INFO    :: Thread-32 (run) : Tautulli WebSocket :: Ready
2022-11-27 00:36:10 - WARNING :: Thread-29 (run) : Tautulli WebSocket :: Reconnection attempt 2.
2022-11-27 00:36:10 - INFO    :: Thread-29 (run) : Tautulli WebSocket :: Ready
2022-11-27 00:36:30 - WARNING :: Thread-32 (run) : Tautulli WebSocket :: Connection has closed.
2022-11-27 00:36:30 - WARNING :: Thread-29 (run) : Tautulli WebSocket :: Connection has closed.
2022-11-27 00:36:30 - WARNING :: Thread-26 (run) : Tautulli WebSocket :: Connection has closed.
2022-11-27 00:36:30 - WARNING :: Thread-32 (run) : Tautulli WebSocket :: Reconnection attempt 1.
2022-11-27 00:36:30 - WARNING :: Thread-29 (run) : Tautulli WebSocket :: Reconnection attempt 1.
2022-11-27 00:36:30 - WARNING :: Thread-26 (run) : Tautulli WebSocket :: Reconnection attempt 1.
2022-11-27 00:36:30 - INFO    :: Thread-26 (run) : Tautulli WebSocket :: Ready
2022-11-27 00:36:30 - INFO    :: Thread-29 (run) : Tautulli WebSocket :: Ready
2022-11-27 00:36:30 - INFO    :: Thread-32 (run) : Tautulli WebSocket :: Ready
2022-11-27 00:36:40 - WARNING :: Thread-26 (run) : Tautulli WebSocket :: Connection has closed.
2022-11-27 00:36:40 - WARNING :: Thread-29 (run) : Tautulli WebSocket :: Connection has closed.
2022-11-27 00:36:40 - WARNING :: Thread-26 (run) : Tautulli WebSocket :: Reconnection attempt 1.
2022-11-27 00:36:40 - WARNING :: Thread-29 (run) : Tautulli WebSocket :: Reconnection attempt 1.
2022-11-27 00:36:40 - INFO    :: Thread-26 (run) : Tautulli WebSocket :: Ready
2022-11-27 00:36:40 - INFO    :: Thread-29 (run) : Tautulli WebSocket :: Ready
2022-11-27 00:36:45 - WARNING :: Thread-32 (run) : Tautulli WebSocket :: Reconnection attempt 2.
2022-11-27 00:36:45 - INFO    :: Thread-32 (run) : Tautulli WebSocket :: Ready
2022-11-27 00:36:55 - WARNING :: Thread-26 (run) : Tautulli WebSocket :: Connection has closed.
2022-11-27 00:36:55 - WARNING :: Thread-29 (run) : Tautulli WebSocket :: Connection has closed.
2022-11-27 00:36:55 - WARNING :: Thread-32 (run) : Tautulli WebSocket :: Connection has closed.
2022-11-27 00:36:55 - WARNING :: Thread-26 (run) : Tautulli WebSocket :: Reconnection attempt 1.
2022-11-27 00:36:55 - WARNING :: Thread-29 (run) : Tautulli WebSocket :: Reconnection attempt 1.
2022-11-27 00:36:55 - WARNING :: Thread-32 (run) : Tautulli WebSocket :: Reconnection attempt 1.
2022-11-27 00:36:55 - INFO    :: Thread-26 (run) : Tautulli WebSocket :: Ready
2022-11-27 00:36:55 - INFO    :: Thread-29 (run) : Tautulli WebSocket :: Ready
2022-11-27 00:36:55 - INFO    :: Thread-32 (run) : Tautulli WebSocket :: Ready
2022-11-27 00:37:05 - WARNING :: Thread-26 (run) : Tautulli WebSocket :: Connection has closed.
2022-11-27 00:37:05 - WARNING :: Thread-29 (run) : Tautulli WebSocket :: Connection has closed.
2022-11-27 00:37:05 - WARNING :: Thread-26 (run) : Tautulli WebSocket :: Reconnection attempt 1.
2022-11-27 00:37:05 - WARNING :: Thread-29 (run) : Tautulli WebSocket :: Reconnection attempt 1.
2022-11-27 00:37:05 - INFO    :: Thread-26 (run) : Tautulli WebSocket :: Ready
2022-11-27 00:37:05 - INFO    :: Thread-29 (run) : Tautulli WebSocket :: Ready
2022-11-27 00:37:10 - WARNING :: Thread-32 (run) : Tautulli WebSocket :: Reconnection attempt 2.
2022-11-27 00:37:10 - INFO    :: Thread-32 (run) : Tautulli WebSocket :: Ready
2022-11-27 00:37:20 - WARNING :: Thread-26 (run) : Tautulli WebSocket :: Connection has closed.
2022-11-27 00:37:20 - WARNING :: Thread-29 (run) : Tautulli WebSocket :: Connection has closed.
2022-11-27 00:37:20 - WARNING :: Thread-32 (run) : Tautulli WebSocket :: Connection has closed.
2022-11-27 00:37:20 - WARNING :: Thread-26 (run) : Tautulli WebSocket :: Reconnection attempt 1.
2022-11-27 00:37:20 - WARNING :: Thread-29 (run) : Tautulli WebSocket :: Reconnection attempt 1.
2022-11-27 00:37:20 - WARNING :: Thread-32 (run) : Tautulli WebSocket :: Reconnection attempt 1.
2022-11-27 00:37:20 - INFO    :: Thread-26 (run) : Tautulli WebSocket :: Ready
2022-11-27 00:37:21 - INFO    :: Thread-29 (run) : Tautulli WebSocket :: Ready
2022-11-27 00:37:21 - INFO    :: Thread-32 (run) : Tautulli WebSocket :: Ready
2022-11-27 00:37:31 - WARNING :: Thread-26 (run) : Tautulli WebSocket :: Connection has closed.
2022-11-27 00:37:31 - WARNING :: Thread-29 (run) : Tautulli WebSocket :: Connection has closed.
2022-11-27 00:37:31 - WARNING :: Thread-32 (run) : Tautulli WebSocket :: Connection has closed.
2022-11-27 00:37:31 - WARNING :: Thread-26 (run) : Tautulli WebSocket :: Reconnection attempt 1.
2022-11-27 00:37:31 - WARNING :: Thread-29 (run) : Tautulli WebSocket :: Reconnection attempt 1.
2022-11-27 00:37:31 - WARNING :: Thread-32 (run) : Tautulli WebSocket :: Reconnection attempt 1.
2022-11-27 00:37:31 - INFO    :: Thread-26 (run) : Tautulli WebSocket :: Ready
2022-11-27 00:37:31 - INFO    :: Thread-32 (run) : Tautulli WebSocket :: Ready
2022-11-27 00:37:31 - INFO    :: Thread-29 (run) : Tautulli WebSocket :: Ready
2022-11-27 00:37:41 - WARNING :: Thread-26 (run) : Tautulli WebSocket :: Connection has closed.
2022-11-27 00:37:41 - WARNING :: Thread-32 (run) : Tautulli WebSocket :: Connection has closed.
2022-11-27 00:37:41 - WARNING :: Thread-29 (run) : Tautulli WebSocket :: Connection has closed.
2022-11-27 00:37:41 - WARNING :: Thread-26 (run) : Tautulli WebSocket :: Reconnection attempt 1.
2022-11-27 00:37:41 - WARNING :: Thread-32 (run) : Tautulli WebSocket :: Reconnection attempt 1.
2022-11-27 00:37:41 - WARNING :: Thread-29 (run) : Tautulli WebSocket :: Reconnection attempt 1.
2022-11-27 00:37:41 - INFO    :: Thread-26 (run) : Tautulli WebSocket :: Ready
2022-11-27 00:37:41 - INFO    :: Thread-32 (run) : Tautulli WebSocket :: Ready
2022-11-27 00:37:41 - INFO    :: Thread-29 (run) : Tautulli WebSocket :: Ready
2022-11-27 00:37:51 - WARNING :: Thread-26 (run) : Tautulli WebSocket :: Connection has closed.
2022-11-27 00:37:51 - WARNING :: Thread-32 (run) : Tautulli WebSocket :: Connection has closed.
2022-11-27 00:37:51 - WARNING :: Thread-26 (run) : Tautulli WebSocket :: Reconnection attempt 1.
2022-11-27 00:37:51 - WARNING :: Thread-32 (run) : Tautulli WebSocket :: Reconnection attempt 1.
2022-11-27 00:37:51 - INFO    :: Thread-26 (run) : Tautulli WebSocket :: Ready
2022-11-27 00:37:51 - INFO    :: Thread-32 (run) : Tautulli WebSocket :: Ready
2022-11-27 00:37:56 - WARNING :: Thread-29 (run) : Tautulli WebSocket :: Reconnection attempt 2.
2022-11-27 00:37:56 - INFO    :: Thread-29 (run) : Tautulli WebSocket :: Ready
2022-11-27 00:38:06 - WARNING :: Thread-26 (run) : Tautulli WebSocket :: Connection has closed.
2022-11-27 00:38:06 - WARNING :: Thread-32 (run) : Tautulli WebSocket :: Connection has closed.
2022-11-27 00:38:06 - WARNING :: Thread-29 (run) : Tautulli WebSocket :: Connection has closed.
2022-11-27 00:38:06 - WARNING :: Thread-26 (run) : Tautulli WebSocket :: Reconnection attempt 1.
2022-11-27 00:38:06 - WARNING :: Thread-32 (run) : Tautulli WebSocket :: Reconnection attempt 1.
2022-11-27 00:38:06 - WARNING :: Thread-29 (run) : Tautulli WebSocket :: Reconnection attempt 1.
2022-11-27 00:38:06 - INFO    :: Thread-26 (run) : Tautulli WebSocket :: Ready
2022-11-27 00:38:06 - INFO    :: Thread-32 (run) : Tautulli WebSocket :: Ready
2022-11-27 00:38:06 - INFO    :: Thread-29 (run) : Tautulli WebSocket :: Ready
2022-11-27 00:38:16 - WARNING :: Thread-26 (run) : Tautulli WebSocket :: Connection has closed.
2022-11-27 00:38:16 - WARNING :: Thread-32 (run) : Tautulli WebSocket :: Connection has closed.
2022-11-27 00:38:16 - WARNING :: Thread-26 (run) : Tautulli WebSocket :: Reconnection attempt 1.
2022-11-27 00:38:16 - WARNING :: Thread-32 (run) : Tautulli WebSocket :: Reconnection attempt 1.
2022-11-27 00:38:16 - INFO    :: Thread-26 (run) : Tautulli WebSocket :: Ready
2022-11-27 00:38:16 - INFO    :: Thread-32 (run) : Tautulli WebSocket :: Ready
2022-11-27 00:38:21 - WARNING :: Thread-29 (run) : Tautulli WebSocket :: Reconnection attempt 2.
2022-11-27 00:38:21 - INFO    :: Thread-29 (run) : Tautulli WebSocket :: Ready
2022-11-27 00:38:31 - WARNING :: Thread-26 (run) : Tautulli WebSocket :: Connection has closed.
2022-11-27 00:38:31 - WARNING :: Thread-32 (run) : Tautulli WebSocket :: Connection has closed.
2022-11-27 00:38:31 - WARNING :: Thread-29 (run) : Tautulli WebSocket :: Connection has closed.
2022-11-27 00:38:31 - WARNING :: Thread-26 (run) : Tautulli WebSocket :: Reconnection attempt 1.
2022-11-27 00:38:31 - WARNING :: Thread-32 (run) : Tautulli WebSocket :: Reconnection attempt 1.
2022-11-27 00:38:31 - WARNING :: Thread-29 (run) : Tautulli WebSocket :: Reconnection attempt 1.
2022-11-27 00:38:31 - INFO    :: Thread-26 (run) : Tautulli WebSocket :: Ready
2022-11-27 00:38:31 - INFO    :: Thread-32 (run) : Tautulli WebSocket :: Ready
2022-11-27 00:38:31 - INFO    :: Thread-29 (run) : Tautulli WebSocket :: Ready
2022-11-27 00:38:41 - WARNING :: Thread-26 (run) : Tautulli WebSocket :: Connection has closed.
2022-11-27 00:38:41 - WARNING :: Thread-32 (run) : Tautulli WebSocket :: Connection has closed.
2022-11-27 00:38:41 - WARNING :: Thread-29 (run) : Tautulli WebSocket :: Connection has closed.
2022-11-27 00:38:41 - WARNING :: Thread-26 (run) : Tautulli WebSocket :: Reconnection attempt 1.
2022-11-27 00:38:41 - WARNING :: Thread-32 (run) : Tautulli WebSocket :: Reconnection attempt 1.
2022-11-27 00:38:41 - WARNING :: Thread-29 (run) : Tautulli WebSocket :: Reconnection attempt 1.
2022-11-27 00:38:41 - INFO    :: Thread-26 (run) : Tautulli WebSocket :: Ready
2022-11-27 00:38:41 - INFO    :: Thread-29 (run) : Tautulli WebSocket :: Ready
2022-11-27 00:38:41 - INFO    :: Thread-32 (run) : Tautulli WebSocket :: Ready
2022-11-27 00:39:01 - WARNING :: Thread-29 (run) : Tautulli WebSocket :: Connection has closed.
2022-11-27 00:39:01 - WARNING :: Thread-32 (run) : Tautulli WebSocket :: Connection has closed.
2022-11-27 00:39:01 - WARNING :: Thread-26 (run) : Tautulli WebSocket :: Connection has closed.
2022-11-27 00:39:01 - WARNING :: Thread-29 (run) : Tautulli WebSocket :: Reconnection attempt 1.
2022-11-27 00:39:01 - WARNING :: Thread-32 (run) : Tautulli WebSocket :: Reconnection attempt 1.
2022-11-27 00:39:01 - WARNING :: Thread-26 (run) : Tautulli WebSocket :: Reconnection attempt 1.
2022-11-27 00:39:01 - INFO    :: Thread-26 (run) : Tautulli WebSocket :: Ready
2022-11-27 00:39:01 - INFO    :: Thread-32 (run) : Tautulli WebSocket :: Ready
2022-11-27 00:39:01 - INFO    :: Thread-29 (run) : Tautulli WebSocket :: Ready
2022-11-27 00:39:11 - WARNING :: Thread-26 (run) : Tautulli WebSocket :: Connection has closed.
2022-11-27 00:39:11 - WARNING :: Thread-32 (run) : Tautulli WebSocket :: Connection has closed.
2022-11-27 00:39:11 - WARNING :: Thread-26 (run) : Tautulli WebSocket :: Reconnection attempt 1.
2022-11-27 00:39:11 - WARNING :: Thread-32 (run) : Tautulli WebSocket :: Reconnection attempt 1.
2022-11-27 00:39:11 - INFO    :: Thread-26 (run) : Tautulli WebSocket :: Ready
2022-11-27 00:39:11 - INFO    :: Thread-32 (run) : Tautulli WebSocket :: Ready
2022-11-27 00:39:16 - WARNING :: Thread-29 (run) : Tautulli WebSocket :: Reconnection attempt 2.
2022-11-27 00:39:16 - INFO    :: Thread-29 (run) : Tautulli WebSocket :: Ready
2022-11-27 00:39:26 - WARNING :: Thread-26 (run) : Tautulli WebSocket :: Connection has closed.
2022-11-27 00:39:26 - WARNING :: Thread-32 (run) : Tautulli WebSocket :: Connection has closed.
2022-11-27 00:39:26 - WARNING :: Thread-29 (run) : Tautulli WebSocket :: Connection has closed.
2022-11-27 00:39:26 - WARNING :: Thread-26 (run) : Tautulli WebSocket :: Reconnection attempt 1.
2022-11-27 00:39:26 - WARNING :: Thread-32 (run) : Tautulli WebSocket :: Reconnection attempt 1.
2022-11-27 00:39:26 - WARNING :: Thread-29 (run) : Tautulli WebSocket :: Reconnection attempt 1.
2022-11-27 00:39:26 - INFO    :: Thread-26 (run) : Tautulli WebSocket :: Ready
2022-11-27 00:39:27 - INFO    :: Thread-29 (run) : Tautulli WebSocket :: Ready
2022-11-27 00:39:27 - INFO    :: Thread-32 (run) : Tautulli WebSocket :: Ready
2022-11-27 00:39:37 - WARNING :: Thread-26 (run) : Tautulli WebSocket :: Connection has closed.
2022-11-27 00:39:37 - WARNING :: Thread-29 (run) : Tautulli WebSocket :: Connection has closed.
2022-11-27 00:39:37 - WARNING :: Thread-32 (run) : Tautulli WebSocket :: Connection has closed.
2022-11-27 00:39:37 - WARNING :: Thread-26 (run) : Tautulli WebSocket :: Reconnection attempt 1.
2022-11-27 00:39:37 - WARNING :: Thread-29 (run) : Tautulli WebSocket :: Reconnection attempt 1.
2022-11-27 00:39:37 - WARNING :: Thread-32 (run) : Tautulli WebSocket :: Reconnection attempt 1.
2022-11-27 00:39:37 - INFO    :: Thread-26 (run) : Tautulli WebSocket :: Ready
2022-11-27 00:39:37 - INFO    :: Thread-29 (run) : Tautulli WebSocket :: Ready
2022-11-27 00:39:37 - INFO    :: Thread-32 (run) : Tautulli WebSocket :: Ready
2022-11-27 00:39:47 - WARNING :: Thread-26 (run) : Tautulli WebSocket :: Connection has closed.
2022-11-27 00:39:47 - WARNING :: Thread-29 (run) : Tautulli WebSocket :: Connection has closed.
2022-11-27 00:39:47 - WARNING :: Thread-32 (run) : Tautulli WebSocket :: Connection has closed.
2022-11-27 00:39:47 - WARNING :: Thread-26 (run) : Tautulli WebSocket :: Reconnection attempt 1.
2022-11-27 00:39:47 - WARNING :: Thread-29 (run) : Tautulli WebSocket :: Reconnection attempt 1.
2022-11-27 00:39:47 - WARNING :: Thread-32 (run) : Tautulli WebSocket :: Reconnection attempt 1.
2022-11-27 00:39:47 - INFO    :: Thread-26 (run) : Tautulli WebSocket :: Ready
2022-11-27 00:39:47 - INFO    :: Thread-29 (run) : Tautulli WebSocket :: Ready
2022-11-27 00:39:47 - INFO    :: Thread-32 (run) : Tautulli WebSocket :: Ready
2022-11-27 00:39:57 - WARNING :: Thread-26 (run) : Tautulli WebSocket :: Connection has closed.
2022-11-27 00:39:57 - WARNING :: Thread-29 (run) : Tautulli WebSocket :: Connection has closed.
2022-11-27 00:39:57 - WARNING :: Thread-32 (run) : Tautulli WebSocket :: Connection has closed.
2022-11-27 00:39:57 - WARNING :: Thread-26 (run) : Tautulli WebSocket :: Reconnection attempt 1.
2022-11-27 00:39:57 - WARNING :: Thread-29 (run) : Tautulli WebSocket :: Reconnection attempt 1.
2022-11-27 00:39:57 - WARNING :: Thread-32 (run) : Tautulli WebSocket :: Reconnection attempt 1.
2022-11-27 00:39:57 - INFO    :: Thread-26 (run) : Tautulli WebSocket :: Ready
2022-11-27 00:39:57 - INFO    :: Thread-29 (run) : Tautulli WebSocket :: Ready
2022-11-27 00:39:57 - INFO    :: Thread-32 (run) : Tautulli WebSocket :: Ready
2022-11-27 00:40:07 - WARNING :: Thread-26 (run) : Tautulli WebSocket :: Connection has closed.
2022-11-27 00:40:07 - WARNING :: Thread-29 (run) : Tautulli WebSocket :: Connection has closed.
2022-11-27 00:40:07 - WARNING :: Thread-26 (run) : Tautulli WebSocket :: Reconnection attempt 1.
2022-11-27 00:40:07 - WARNING :: Thread-29 (run) : Tautulli WebSocket :: Reconnection attempt 1.
2022-11-27 00:40:07 - INFO    :: Thread-26 (run) : Tautulli WebSocket :: Ready
2022-11-27 00:40:07 - INFO    :: Thread-29 (run) : Tautulli WebSocket :: Ready
2022-11-27 00:40:12 - WARNING :: Thread-32 (run) : Tautulli WebSocket :: Reconnection attempt 2.
2022-11-27 00:40:12 - INFO    :: Thread-32 (run) : Tautulli WebSocket :: Ready
2022-11-27 00:40:22 - WARNING :: Thread-26 (run) : Tautulli WebSocket :: Connection has closed.
2022-11-27 00:40:22 - WARNING :: Thread-29 (run) : Tautulli WebSocket :: Connection has closed.
2022-11-27 00:40:22 - WARNING :: Thread-32 (run) : Tautulli WebSocket :: Connection has closed.
2022-11-27 00:40:22 - WARNING :: Thread-26 (run) : Tautulli WebSocket :: Reconnection attempt 1.
2022-11-27 00:40:22 - WARNING :: Thread-29 (run) : Tautulli WebSocket :: Reconnection attempt 1.
2022-11-27 00:40:22 - WARNING :: Thread-32 (run) : Tautulli WebSocket :: Reconnection attempt 1.
2022-11-27 00:40:22 - INFO    :: Thread-26 (run) : Tautulli WebSocket :: Ready
2022-11-27 00:40:22 - INFO    :: Thread-29 (run) : Tautulli WebSocket :: Ready
2022-11-27 00:40:22 - INFO    :: Thread-32 (run) : Tautulli WebSocket :: Ready
2022-11-27 00:40:32 - WARNING :: Thread-26 (run) : Tautulli WebSocket :: Connection has closed.
2022-11-27 00:40:32 - WARNING :: Thread-29 (run) : Tautulli WebSocket :: Connection has closed.
2022-11-27 00:40:32 - WARNING :: Thread-26 (run) : Tautulli WebSocket :: Reconnection attempt 1.
2022-11-27 00:40:32 - WARNING :: Thread-29 (run) : Tautulli WebSocket :: Reconnection attempt 1.
2022-11-27 00:40:32 - INFO    :: Thread-26 (run) : Tautulli WebSocket :: Ready
2022-11-27 00:40:33 - INFO    :: Thread-29 (run) : Tautulli WebSocket :: Ready
2022-11-27 00:40:37 - WARNING :: Thread-32 (run) : Tautulli WebSocket :: Reconnection attempt 2.
2022-11-27 00:40:38 - INFO    :: Thread-32 (run) : Tautulli WebSocket :: Ready
2022-11-27 00:41:28 - WARNING :: Thread-29 (run) : Tautulli WebSocket :: Connection has closed.
2022-11-27 00:41:28 - WARNING :: Thread-32 (run) : Tautulli WebSocket :: Connection has closed.
2022-11-27 00:41:28 - WARNING :: Thread-26 (run) : Tautulli WebSocket :: Connection has closed.
2022-11-27 00:41:28 - WARNING :: Thread-29 (run) : Tautulli WebSocket :: Reconnection attempt 1.
2022-11-27 00:41:28 - WARNING :: Thread-32 (run) : Tautulli WebSocket :: Reconnection attempt 1.
2022-11-27 00:41:28 - WARNING :: Thread-26 (run) : Tautulli WebSocket :: Reconnection attempt 1.
2022-11-27 00:41:28 - INFO    :: Thread-26 (run) : Tautulli WebSocket :: Ready
2022-11-27 00:41:28 - INFO    :: Thread-32 (run) : Tautulli WebSocket :: Ready
2022-11-27 00:41:28 - INFO    :: Thread-29 (run) : Tautulli WebSocket :: Ready
2022-11-27 00:41:48 - WARNING :: Thread-26 (run) : Tautulli WebSocket :: Connection has closed.
2022-11-27 00:41:48 - WARNING :: Thread-32 (run) : Tautulli WebSocket :: Connection has closed.
2022-11-27 00:41:48 - WARNING :: Thread-29 (run) : Tautulli WebSocket :: Connection has closed.
2022-11-27 00:41:48 - WARNING :: Thread-26 (run) : Tautulli WebSocket :: Reconnection attempt 1.
2022-11-27 00:41:48 - WARNING :: Thread-32 (run) : Tautulli WebSocket :: Reconnection attempt 1.
2022-11-27 00:41:48 - WARNING :: Thread-29 (run) : Tautulli WebSocket :: Reconnection attempt 1.
2022-11-27 00:41:48 - INFO    :: Thread-26 (run) : Tautulli WebSocket :: Ready
2022-11-27 00:41:48 - INFO    :: Thread-32 (run) : Tautulli WebSocket :: Ready
2022-11-27 00:41:48 - INFO    :: Thread-29 (run) : Tautulli WebSocket :: Ready
2022-11-27 00:41:58 - WARNING :: Thread-26 (run) : Tautulli WebSocket :: Connection has closed.
2022-11-27 00:41:58 - WARNING :: Thread-32 (run) : Tautulli WebSocket :: Connection has closed.
2022-11-27 00:41:58 - WARNING :: Thread-29 (run) : Tautulli WebSocket :: Connection has closed.
2022-11-27 00:41:58 - WARNING :: Thread-26 (run) : Tautulli WebSocket :: Reconnection attempt 1.
2022-11-27 00:41:58 - WARNING :: Thread-32 (run) : Tautulli WebSocket :: Reconnection attempt 1.
2022-11-27 00:41:58 - WARNING :: Thread-29 (run) : Tautulli WebSocket :: Reconnection attempt 1.
2022-11-27 00:41:58 - INFO    :: Thread-26 (run) : Tautulli WebSocket :: Ready
2022-11-27 00:41:58 - INFO    :: Thread-29 (run) : Tautulli WebSocket :: Ready
2022-11-27 00:41:58 - INFO    :: Thread-32 (run) : Tautulli WebSocket :: Ready
2022-11-27 00:42:08 - WARNING :: Thread-26 (run) : Tautulli WebSocket :: Connection has closed.
2022-11-27 00:42:08 - WARNING :: Thread-29 (run) : Tautulli WebSocket :: Connection has closed.
2022-11-27 00:42:08 - WARNING :: Thread-32 (run) : Tautulli WebSocket :: Connection has closed.
2022-11-27 00:42:08 - WARNING :: Thread-26 (run) : Tautulli WebSocket :: Reconnection attempt 1.
2022-11-27 00:42:08 - WARNING :: Thread-29 (run) : Tautulli WebSocket :: Reconnection attempt 1.
2022-11-27 00:42:08 - WARNING :: Thread-32 (run) : Tautulli WebSocket :: Reconnection attempt 1.
2022-11-27 00:42:08 - INFO    :: Thread-26 (run) : Tautulli WebSocket :: Ready
2022-11-27 00:42:08 - INFO    :: Thread-32 (run) : Tautulli WebSocket :: Ready
2022-11-27 00:42:08 - INFO    :: Thread-29 (run) : Tautulli WebSocket :: Ready
2022-11-27 00:42:28 - WARNING :: Thread-32 (run) : Tautulli WebSocket :: Connection has closed.
2022-11-27 00:42:28 - WARNING :: Thread-29 (run) : Tautulli WebSocket :: Connection has closed.
2022-11-27 00:42:28 - WARNING :: Thread-26 (run) : Tautulli WebSocket :: Connection has closed.
2022-11-27 00:42:28 - WARNING :: Thread-32 (run) : Tautulli WebSocket :: Reconnection attempt 1.
2022-11-27 00:42:28 - WARNING :: Thread-29 (run) : Tautulli WebSocket :: Reconnection attempt 1.
2022-11-27 00:42:28 - WARNING :: Thread-26 (run) : Tautulli WebSocket :: Reconnection attempt 1.
2022-11-27 00:42:28 - INFO    :: Thread-26 (run) : Tautulli WebSocket :: Ready
2022-11-27 00:42:28 - INFO    :: Thread-32 (run) : Tautulli WebSocket :: Ready
2022-11-27 00:42:28 - INFO    :: Thread-29 (run) : Tautulli WebSocket :: Ready
2022-11-27 00:42:38 - WARNING :: Thread-26 (run) : Tautulli WebSocket :: Connection has closed.
2022-11-27 00:42:38 - WARNING :: Thread-32 (run) : Tautulli WebSocket :: Connection has closed.
2022-11-27 00:42:38 - WARNING :: Thread-29 (run) : Tautulli WebSocket :: Connection has closed.
2022-11-27 00:42:38 - WARNING :: Thread-26 (run) : Tautulli WebSocket :: Reconnection attempt 1.
2022-11-27 00:42:38 - WARNING :: Thread-32 (run) : Tautulli WebSocket :: Reconnection attempt 1.
2022-11-27 00:42:38 - WARNING :: Thread-29 (run) : Tautulli WebSocket :: Reconnection attempt 1.
2022-11-27 00:42:38 - INFO    :: Thread-26 (run) : Tautulli WebSocket :: Ready
2022-11-27 00:42:38 - INFO    :: Thread-29 (run) : Tautulli WebSocket :: Ready
2022-11-27 00:42:38 - INFO    :: Thread-32 (run) : Tautulli WebSocket :: Ready
2022-11-27 00:42:48 - WARNING :: Thread-26 (run) : Tautulli WebSocket :: Connection has closed.
2022-11-27 00:42:48 - WARNING :: Thread-29 (run) : Tautulli WebSocket :: Connection has closed.
2022-11-27 00:42:48 - WARNING :: Thread-26 (run) : Tautulli WebSocket :: Reconnection attempt 1.
2022-11-27 00:42:48 - WARNING :: Thread-29 (run) : Tautulli WebSocket :: Reconnection attempt 1.
2022-11-27 00:42:48 - INFO    :: Thread-26 (run) : Tautulli WebSocket :: Ready
2022-11-27 00:42:48 - INFO    :: Thread-29 (run) : Tautulli WebSocket :: Ready
2022-11-27 00:42:53 - WARNING :: Thread-32 (run) : Tautulli WebSocket :: Reconnection attempt 2.
2022-11-27 00:42:53 - INFO    :: Thread-32 (run) : Tautulli WebSocket :: Ready
2022-11-27 00:43:03 - WARNING :: Thread-26 (run) : Tautulli WebSocket :: Connection has closed.
2022-11-27 00:43:03 - WARNING :: Thread-29 (run) : Tautulli WebSocket :: Connection has closed.
2022-11-27 00:43:03 - WARNING :: Thread-32 (run) : Tautulli WebSocket :: Connection has closed.
2022-11-27 00:43:03 - WARNING :: Thread-26 (run) : Tautulli WebSocket :: Reconnection attempt 1.
2022-11-27 00:43:03 - WARNING :: Thread-29 (run) : Tautulli WebSocket :: Reconnection attempt 1.
2022-11-27 00:43:03 - WARNING :: Thread-32 (run) : Tautulli WebSocket :: Reconnection attempt 1.
2022-11-27 00:43:03 - INFO    :: Thread-26 (run) : Tautulli WebSocket :: Ready
2022-11-27 00:43:03 - INFO    :: Thread-29 (run) : Tautulli WebSocket :: Ready
2022-11-27 00:43:03 - INFO    :: Thread-32 (run) : Tautulli WebSocket :: Ready
2022-11-27 00:43:13 - WARNING :: Thread-26 (run) : Tautulli WebSocket :: Connection has closed.
2022-11-27 00:43:13 - WARNING :: Thread-29 (run) : Tautulli WebSocket :: Connection has closed.
2022-11-27 00:43:13 - WARNING :: Thread-26 (run) : Tautulli WebSocket :: Reconnection attempt 1.
2022-11-27 00:43:13 - WARNING :: Thread-29 (run) : Tautulli WebSocket :: Reconnection attempt 1.
2022-11-27 00:43:13 - INFO    :: Thread-26 (run) : Tautulli WebSocket :: Ready
2022-11-27 00:43:13 - INFO    :: Thread-29 (run) : Tautulli WebSocket :: Ready
2022-11-27 00:43:18 - WARNING :: Thread-32 (run) : Tautulli WebSocket :: Reconnection attempt 2.
2022-11-27 00:43:18 - INFO    :: Thread-32 (run) : Tautulli WebSocket :: Ready
2022-11-27 00:43:38 - WARNING :: Thread-29 (run) : Tautulli WebSocket :: Connection has closed.
2022-11-27 00:43:38 - WARNING :: Thread-32 (run) : Tautulli WebSocket :: Connection has closed.
2022-11-27 00:43:38 - WARNING :: Thread-26 (run) : Tautulli WebSocket :: Connection has closed.
2022-11-27 00:43:38 - WARNING :: Thread-29 (run) : Tautulli WebSocket :: Reconnection attempt 1.
2022-11-27 00:43:38 - WARNING :: Thread-32 (run) : Tautulli WebSocket :: Reconnection attempt 1.
2022-11-27 00:43:38 - WARNING :: Thread-26 (run) : Tautulli WebSocket :: Reconnection attempt 1.
2022-11-27 00:43:38 - INFO    :: Thread-26 (run) : Tautulli WebSocket :: Ready
2022-11-27 00:43:39 - INFO    :: Thread-32 (run) : Tautulli WebSocket :: Ready
2022-11-27 00:43:39 - INFO    :: Thread-29 (run) : Tautulli WebSocket :: Ready
2022-11-27 00:44:39 - WARNING :: Thread-29 (run) : Tautulli WebSocket :: Connection has closed.
2022-11-27 00:44:39 - WARNING :: Thread-26 (run) : Tautulli WebSocket :: Connection has closed.
2022-11-27 00:44:39 - WARNING :: Thread-32 (run) : Tautulli WebSocket :: Connection has closed.
2022-11-27 00:44:39 - WARNING :: Thread-29 (run) : Tautulli WebSocket :: Reconnection attempt 1.
2022-11-27 00:44:39 - WARNING :: Thread-26 (run) : Tautulli WebSocket :: Reconnection attempt 1.
2022-11-27 00:44:39 - WARNING :: Thread-32 (run) : Tautulli WebSocket :: Reconnection attempt 1.
2022-11-27 00:44:39 - INFO    :: Thread-26 (run) : Tautulli WebSocket :: Ready
2022-11-27 00:44:39 - INFO    :: Thread-32 (run) : Tautulli WebSocket :: Ready
2022-11-27 00:44:39 - INFO    :: Thread-29 (run) : Tautulli WebSocket :: Ready
2022-11-27 00:44:49 - WARNING :: Thread-26 (run) : Tautulli WebSocket :: Connection has closed.
2022-11-27 00:44:49 - WARNING :: Thread-32 (run) : Tautulli WebSocket :: Connection has closed.
2022-11-27 00:44:49 - WARNING :: Thread-26 (run) : Tautulli WebSocket :: Reconnection attempt 1.
2022-11-27 00:44:49 - WARNING :: Thread-32 (run) : Tautulli WebSocket :: Reconnection attempt 1.
2022-11-27 00:44:49 - INFO    :: Thread-26 (run) : Tautulli WebSocket :: Ready
2022-11-27 00:44:49 - INFO    :: Thread-32 (run) : Tautulli WebSocket :: Ready
2022-11-27 00:44:54 - WARNING :: Thread-29 (run) : Tautulli WebSocket :: Reconnection attempt 2.
2022-11-27 00:44:54 - INFO    :: Thread-29 (run) : Tautulli WebSocket :: Ready
2022-11-27 00:45:04 - WARNING :: Thread-26 (run) : Tautulli WebSocket :: Connection has closed.
2022-11-27 00:45:04 - WARNING :: Thread-32 (run) : Tautulli WebSocket :: Connection has closed.
2022-11-27 00:45:04 - WARNING :: Thread-29 (run) : Tautulli WebSocket :: Connection has closed.
2022-11-27 00:45:04 - WARNING :: Thread-26 (run) : Tautulli WebSocket :: Reconnection attempt 1.
2022-11-27 00:45:04 - WARNING :: Thread-32 (run) : Tautulli WebSocket :: Reconnection attempt 1.
2022-11-27 00:45:04 - WARNING :: Thread-29 (run) : Tautulli WebSocket :: Reconnection attempt 1.
2022-11-27 00:45:04 - INFO    :: Thread-26 (run) : Tautulli WebSocket :: Ready
2022-11-27 00:45:04 - INFO    :: Thread-32 (run) : Tautulli WebSocket :: Ready
2022-11-27 00:45:04 - INFO    :: Thread-29 (run) : Tautulli WebSocket :: Ready
2022-11-27 00:45:14 - WARNING :: Thread-26 (run) : Tautulli WebSocket :: Connection has closed.
2022-11-27 00:45:14 - WARNING :: Thread-32 (run) : Tautulli WebSocket :: Connection has closed.
2022-11-27 00:45:14 - WARNING :: Thread-26 (run) : Tautulli WebSocket :: Reconnection attempt 1.
2022-11-27 00:45:14 - WARNING :: Thread-32 (run) : Tautulli WebSocket :: Reconnection attempt 1.
2022-11-27 00:45:14 - INFO    :: Thread-26 (run) : Tautulli WebSocket :: Ready
2022-11-27 00:45:14 - INFO    :: Thread-32 (run) : Tautulli WebSocket :: Ready
2022-11-27 00:45:19 - WARNING :: Thread-29 (run) : Tautulli WebSocket :: Reconnection attempt 2.
2022-11-27 00:45:19 - INFO    :: Thread-29 (run) : Tautulli WebSocket :: Ready
2022-11-27 00:45:29 - WARNING :: Thread-26 (run) : Tautulli WebSocket :: Connection has closed.
2022-11-27 00:45:29 - WARNING :: Thread-32 (run) : Tautulli WebSocket :: Connection has closed.
2022-11-27 00:45:29 - WARNING :: Thread-29 (run) : Tautulli WebSocket :: Connection has closed.
2022-11-27 00:45:29 - WARNING :: Thread-26 (run) : Tautulli WebSocket :: Reconnection attempt 1.
2022-11-27 00:45:29 - WARNING :: Thread-32 (run) : Tautulli WebSocket :: Reconnection attempt 1.
2022-11-27 00:45:29 - WARNING :: Thread-29 (run) : Tautulli WebSocket :: Reconnection attempt 1.
2022-11-27 00:45:29 - INFO    :: Thread-26 (run) : Tautulli WebSocket :: Ready
2022-11-27 00:45:29 - INFO    :: Thread-29 (run) : Tautulli WebSocket :: Ready
